[0m18:11:46.256504 [debug] [MainThread]: Sending event: {'category': 'dbt', 'action': 'invocation', 'label': 'start', 'context': [<snowplow_tracker.self_describing_json.SelfDescribingJson object at 0x000001F7CFD54EC0>, <snowplow_tracker.self_describing_json.SelfDescribingJson object at 0x000001F7D0EAFED0>, <snowplow_tracker.self_describing_json.SelfDescribingJson object at 0x000001F7D0EAFB10>]}


============================== 18:11:46.262401 | de6c4306-2985-46dd-be80-6b0379074645 ==============================
[0m18:11:46.262401 [info ] [MainThread]: Running with dbt=1.11.6
[0m18:11:46.263409 [debug] [MainThread]: running dbt with arguments {'version_check': 'True', 'no_print': 'None', 'static_parser': 'True', 'target_path': 'None', 'warn_error_options': 'WarnErrorOptionsV2(error=[], warn=[], silence=[])', 'printer_width': '80', 'write_json': 'True', 'empty': 'None', 'log_cache_events': 'False', 'introspect': 'True', 'cache_selected_only': 'False', 'log_format': 'default', 'debug': 'False', 'fail_fast': 'False', 'profiles_dir': 'C:\\Users\\Savithadevi\\.dbt', 'send_anonymous_usage_stats': 'True', 'quiet': 'False', 'warn_error': 'None', 'partial_parse': 'True', 'use_colors': 'True', 'indirect_selection': 'eager', 'invocation_command': 'dbt init fluxcart_dbt', 'use_experimental_parser': 'False', 'log_path': 'logs'}
[0m18:11:46.417355 [debug] [MainThread]: Starter project path: C:\Users\Savithadevi\AppData\Roaming\Python\Python313\site-packages\dbt\include\starter_project
[0m18:11:46.449607 [info ] [MainThread]: 
Your new dbt project "fluxcart_dbt" was created!

For more information on how to configure the profiles.yml file,
please consult the dbt documentation here:

  https://docs.getdbt.com/docs/configure-your-profile

One more thing:

Need help? Don't hesitate to reach out to us via GitHub issues or on Slack:

  https://community.getdbt.com/

Happy modeling!

[0m18:11:46.450486 [info ] [MainThread]: Setting up your profile.
[0m18:12:18.243234 [debug] [MainThread]: Snowflake adapter: Setting snowflake.connector to ERROR (file logging only)
[0m18:12:18.244067 [debug] [MainThread]: Snowflake adapter: Setting botocore to ERROR (file logging only)
[0m18:12:18.244408 [debug] [MainThread]: Snowflake adapter: Setting boto3 to ERROR (file logging only)
[0m18:16:00.429401 [info ] [MainThread]: Profile fluxcart_dbt written to C:\Users\Savithadevi\.dbt\profiles.yml using target's profile_template.yml and your supplied values. Run 'dbt debug' to validate the connection.
[0m18:16:00.509298 [debug] [MainThread]: Command `dbt init` succeeded at 18:16:00.506208 after 254.62 seconds
[0m18:16:00.516252 [debug] [MainThread]: Sending event: {'category': 'dbt', 'action': 'invocation', 'label': 'end', 'context': [<snowplow_tracker.self_describing_json.SelfDescribingJson object at 0x000001F7E347C2B0>, <snowplow_tracker.self_describing_json.SelfDescribingJson object at 0x000001F7E2EB43B0>, <snowplow_tracker.self_describing_json.SelfDescribingJson object at 0x000001F7E3373570>]}
[0m18:16:00.521967 [debug] [MainThread]: Flushing usage events
[0m18:16:02.150507 [debug] [MainThread]: An error was encountered while trying to flush usage events
