[0m18:43:40.453333 [debug] [MainThread]: Sending event: {'category': 'dbt', 'action': 'invocation', 'label': 'start', 'context': [<snowplow_tracker.self_describing_json.SelfDescribingJson object at 0x000001AA2B990EC0>, <snowplow_tracker.self_describing_json.SelfDescribingJson object at 0x000001AA2CAEFED0>, <snowplow_tracker.self_describing_json.SelfDescribingJson object at 0x000001AA2CAEFB10>]}


============================== 18:43:40.460347 | 0053138a-17a5-430a-8834-e60e22f0c700 ==============================
[0m18:43:40.460347 [info ] [MainThread]: Running with dbt=1.11.6
[0m18:43:40.461365 [debug] [MainThread]: running dbt with arguments {'static_parser': 'True', 'no_print': 'None', 'version_check': 'True', 'warn_error_options': 'WarnErrorOptionsV2(error=[], warn=[], silence=[])', 'target_path': 'None', 'printer_width': '80', 'write_json': 'True', 'introspect': 'True', 'log_cache_events': 'False', 'empty': 'None', 'cache_selected_only': 'False', 'log_format': 'default', 'debug': 'False', 'fail_fast': 'False', 'partial_parse': 'True', 'send_anonymous_usage_stats': 'True', 'quiet': 'False', 'warn_error': 'None', 'profiles_dir': 'C:\\Users\\Savithadevi\\.dbt', 'indirect_selection': 'eager', 'use_colors': 'True', 'invocation_command': 'dbt debug', 'use_experimental_parser': 'False', 'log_path': 'logs'}
[0m18:43:40.502440 [info ] [MainThread]: dbt version: 1.11.6
[0m18:43:40.503480 [info ] [MainThread]: python version: 3.13.7
[0m18:43:40.503817 [info ] [MainThread]: python path: C:\Python313\python.exe
[0m18:43:40.504079 [info ] [MainThread]: os info: Windows-11-10.0.26200-SP0
[0m18:43:43.015721 [debug] [MainThread]: Snowflake adapter: Setting snowflake.connector to ERROR (file logging only)
[0m18:43:43.017503 [debug] [MainThread]: Snowflake adapter: Setting botocore to ERROR (file logging only)
[0m18:43:43.018063 [debug] [MainThread]: Snowflake adapter: Setting boto3 to ERROR (file logging only)
[0m18:43:47.122090 [debug] [MainThread]: Spark adapter: Setting pyhive.hive logging to ERROR
[0m18:43:47.123557 [debug] [MainThread]: Spark adapter: Setting thrift.transport logging to ERROR
[0m18:43:47.124284 [debug] [MainThread]: Spark adapter: Setting thrift.protocol logging to ERROR
[0m18:43:47.897051 [info ] [MainThread]: Using profiles dir at C:\Users\Savithadevi\.dbt
[0m18:43:47.898325 [info ] [MainThread]: Using profiles.yml file at C:\Users\Savithadevi\.dbt\profiles.yml
[0m18:43:47.899218 [info ] [MainThread]: Using dbt_project.yml file at C:\Users\Savithadevi\Documents\Ironhack\DE\Everyday syllabus\week6_Day5\KAFKA_FOUNDATIONAL\dbt_project.yml
[0m18:43:47.899879 [error] [MainThread]: Encountered an error:
Internal Error
  Profile should not be None if loading profile completed
[0m18:43:47.902062 [debug] [MainThread]: Command `dbt debug` failed at 18:43:47.901710 after 7.77 seconds
[0m18:43:47.902739 [debug] [MainThread]: Sending event: {'category': 'dbt', 'action': 'invocation', 'label': 'end', 'context': [<snowplow_tracker.self_describing_json.SelfDescribingJson object at 0x000001AA2DBC8C30>, <snowplow_tracker.self_describing_json.SelfDescribingJson object at 0x000001AA40A895B0>, <snowplow_tracker.self_describing_json.SelfDescribingJson object at 0x000001AA41EF5F20>]}
[0m18:43:47.903461 [debug] [MainThread]: Flushing usage events
[0m18:43:51.072637 [debug] [MainThread]: An error was encountered while trying to flush usage events
[0m18:44:40.960052 [debug] [MainThread]: Sending event: {'category': 'dbt', 'action': 'invocation', 'label': 'start', 'context': [<snowplow_tracker.self_describing_json.SelfDescribingJson object at 0x000002ACC1FF0EC0>, <snowplow_tracker.self_describing_json.SelfDescribingJson object at 0x000002ACC314FED0>, <snowplow_tracker.self_describing_json.SelfDescribingJson object at 0x000002ACC314FB10>]}


============================== 18:44:40.967308 | 44b5219b-76e1-4586-a899-6f56518897aa ==============================
[0m18:44:40.967308 [info ] [MainThread]: Running with dbt=1.11.6
[0m18:44:40.969162 [debug] [MainThread]: running dbt with arguments {'static_parser': 'True', 'no_print': 'None', 'version_check': 'True', 'warn_error_options': 'WarnErrorOptionsV2(error=[], warn=[], silence=[])', 'target_path': 'None', 'printer_width': '80', 'write_json': 'True', 'empty': 'None', 'log_cache_events': 'False', 'introspect': 'True', 'cache_selected_only': 'False', 'log_format': 'default', 'debug': 'False', 'fail_fast': 'False', 'profiles_dir': 'C:\\Users\\Savithadevi\\.dbt', 'send_anonymous_usage_stats': 'True', 'quiet': 'False', 'warn_error': 'None', 'partial_parse': 'True', 'invocation_command': 'dbt debug', 'indirect_selection': 'eager', 'use_colors': 'True', 'use_experimental_parser': 'False', 'log_path': 'logs'}
[0m18:44:41.006157 [info ] [MainThread]: dbt version: 1.11.6
[0m18:44:41.009541 [info ] [MainThread]: python version: 3.13.7
[0m18:44:41.011844 [info ] [MainThread]: python path: C:\Python313\python.exe
[0m18:44:41.015602 [info ] [MainThread]: os info: Windows-11-10.0.26200-SP0
[0m18:44:42.817244 [debug] [MainThread]: Snowflake adapter: Setting snowflake.connector to ERROR (file logging only)
[0m18:44:42.819064 [debug] [MainThread]: Snowflake adapter: Setting botocore to ERROR (file logging only)
[0m18:44:42.819805 [debug] [MainThread]: Snowflake adapter: Setting boto3 to ERROR (file logging only)
[0m18:44:46.759001 [debug] [MainThread]: Spark adapter: Setting pyhive.hive logging to ERROR
[0m18:44:46.759713 [debug] [MainThread]: Spark adapter: Setting thrift.transport logging to ERROR
[0m18:44:46.760041 [debug] [MainThread]: Spark adapter: Setting thrift.protocol logging to ERROR
[0m18:44:47.383056 [info ] [MainThread]: Using profiles dir at C:\Users\Savithadevi\.dbt
[0m18:44:47.384484 [info ] [MainThread]: Using profiles.yml file at C:\Users\Savithadevi\.dbt\profiles.yml
[0m18:44:47.386283 [info ] [MainThread]: Using dbt_project.yml file at C:\Users\Savithadevi\Documents\Ironhack\DE\Everyday syllabus\week6_Day5\KAFKA_FOUNDATIONAL\dbt_project.yml
[0m18:44:47.388773 [error] [MainThread]: Encountered an error:
Internal Error
  Profile should not be None if loading profile completed
[0m18:44:47.391532 [debug] [MainThread]: Command `dbt debug` failed at 18:44:47.391261 after 6.78 seconds
[0m18:44:47.392359 [debug] [MainThread]: Sending event: {'category': 'dbt', 'action': 'invocation', 'label': 'end', 'context': [<snowplow_tracker.self_describing_json.SelfDescribingJson object at 0x000002ACC4228C30>, <snowplow_tracker.self_describing_json.SelfDescribingJson object at 0x000002ACD70895B0>, <snowplow_tracker.self_describing_json.SelfDescribingJson object at 0x000002ACD84F5F20>]}
[0m18:44:47.393250 [debug] [MainThread]: Flushing usage events
[0m18:44:48.896115 [debug] [MainThread]: An error was encountered while trying to flush usage events
[0m18:45:02.077337 [debug] [MainThread]: Sending event: {'category': 'dbt', 'action': 'invocation', 'label': 'start', 'context': [<snowplow_tracker.self_describing_json.SelfDescribingJson object at 0x0000020B0F510EC0>, <snowplow_tracker.self_describing_json.SelfDescribingJson object at 0x0000020B1066FED0>, <snowplow_tracker.self_describing_json.SelfDescribingJson object at 0x0000020B1066FB10>]}


============================== 18:45:02.085962 | eda11298-7223-467e-a04f-d9b30dd67e0b ==============================
[0m18:45:02.085962 [info ] [MainThread]: Running with dbt=1.11.6
[0m18:45:02.087393 [debug] [MainThread]: running dbt with arguments {'version_check': 'True', 'no_print': 'None', 'static_parser': 'True', 'warn_error_options': 'WarnErrorOptionsV2(error=[], warn=[], silence=[])', 'target_path': 'None', 'printer_width': '80', 'write_json': 'True', 'empty': 'None', 'log_cache_events': 'False', 'introspect': 'True', 'cache_selected_only': 'False', 'log_format': 'default', 'debug': 'False', 'fail_fast': 'False', 'partial_parse': 'True', 'send_anonymous_usage_stats': 'True', 'quiet': 'False', 'warn_error': 'None', 'profiles_dir': '.', 'invocation_command': 'dbt debug --profiles-dir .', 'indirect_selection': 'eager', 'use_colors': 'True', 'use_experimental_parser': 'False', 'log_path': 'logs'}
[0m18:45:02.143687 [info ] [MainThread]: dbt version: 1.11.6
[0m18:45:02.144904 [info ] [MainThread]: python version: 3.13.7
[0m18:45:02.146228 [info ] [MainThread]: python path: C:\Python313\python.exe
[0m18:45:02.147274 [info ] [MainThread]: os info: Windows-11-10.0.26200-SP0
[0m18:45:02.148446 [info ] [MainThread]: Using profiles dir at .
[0m18:45:02.149376 [info ] [MainThread]: Using profiles.yml file at .\profiles.yml
[0m18:45:02.151844 [info ] [MainThread]: Using dbt_project.yml file at C:\Users\Savithadevi\Documents\Ironhack\DE\Everyday syllabus\week6_Day5\KAFKA_FOUNDATIONAL\dbt_project.yml
[0m18:45:02.153694 [info ] [MainThread]: Configuration:
[0m18:45:02.156545 [info ] [MainThread]:   profiles.yml file [[31mERROR not found[0m]
[0m18:45:02.157635 [info ] [MainThread]:   dbt_project.yml file [[31mERROR not found[0m]
[0m18:45:02.158439 [info ] [MainThread]: Required dependencies:
[0m18:45:02.159384 [debug] [MainThread]: Executing "git --help"
[0m18:45:02.325000 [debug] [MainThread]: STDOUT: "b"usage: git [-v | --version] [-h | --help] [-C <path>] [-c <name>=<value>]\n           [--exec-path[=<path>]] [--html-path] [--man-path] [--info-path]\n           [-p | --paginate | -P | --no-pager] [--no-replace-objects] [--no-lazy-fetch]\n           [--no-optional-locks] [--no-advice] [--bare] [--git-dir=<path>]\n           [--work-tree=<path>] [--namespace=<name>] [--config-env=<name>=<envvar>]\n           <command> [<args>]\n\nThese are common Git commands used in various situations:\n\nstart a working area (see also: git help tutorial)\n   clone      Clone a repository into a new directory\n   init       Create an empty Git repository or reinitialize an existing one\n\nwork on the current change (see also: git help everyday)\n   add        Add file contents to the index\n   mv         Move or rename a file, a directory, or a symlink\n   restore    Restore working tree files\n   rm         Remove files from the working tree and from the index\n\nexamine the history and state (see also: git help revisions)\n   bisect     Use binary search to find the commit that introduced a bug\n   diff       Show changes between commits, commit and working tree, etc\n   grep       Print lines matching a pattern\n   log        Show commit logs\n   show       Show various types of objects\n   status     Show the working tree status\n\ngrow, mark and tweak your common history\n   backfill   Download missing objects in a partial clone\n   branch     List, create, or delete branches\n   commit     Record changes to the repository\n   merge      Join two or more development histories together\n   rebase     Reapply commits on top of another base tip\n   reset      Reset current HEAD to the specified state\n   switch     Switch branches\n   tag        Create, list, delete or verify a tag object signed with GPG\n\ncollaborate (see also: git help workflows)\n   fetch      Download objects and refs from another repository\n   pull       Fetch from and integrate with another repository or a local branch\n   push       Update remote refs along with associated objects\n\n'git help -a' and 'git help -g' list available subcommands and some\nconcept guides. See 'git help <command>' or 'git help <concept>'\nto read about a specific subcommand or concept.\nSee 'git help git' for an overview of the system.\n""
[0m18:45:02.326313 [debug] [MainThread]: STDERR: "b''"
[0m18:45:02.327216 [info ] [MainThread]:  - git [[32mOK found[0m]

[0m18:45:02.329277 [info ] [MainThread]: Connection test skipped since no profile was found
[0m18:45:02.332773 [info ] [MainThread]: [31m2 checks failed:[0m
[0m18:45:02.333602 [info ] [MainThread]: dbt looked for a profiles.yml file in .\profiles.yml, but did
not find one. For more information on configuring your profile, consult the
documentation:

https://docs.getdbt.com/docs/configure-your-profile


[0m18:45:02.334324 [info ] [MainThread]: Project loading failed for the following reason:
 project path <C:\Users\Savithadevi\Documents\Ironhack\DE\Everyday syllabus\week6_Day5\KAFKA_FOUNDATIONAL\dbt_project.yml> not found

[0m18:45:02.336971 [debug] [MainThread]: Command `dbt debug` failed at 18:45:02.336498 after 0.56 seconds
[0m18:45:02.337953 [debug] [MainThread]: Sending event: {'category': 'dbt', 'action': 'invocation', 'label': 'end', 'context': [<snowplow_tracker.self_describing_json.SelfDescribingJson object at 0x0000020B1067B6F0>, <snowplow_tracker.self_describing_json.SelfDescribingJson object at 0x0000020B11681130>, <snowplow_tracker.self_describing_json.SelfDescribingJson object at 0x0000020B104EF790>]}
[0m18:45:02.338646 [debug] [MainThread]: Flushing usage events
[0m18:45:04.378436 [debug] [MainThread]: An error was encountered while trying to flush usage events
